TN:
SF:src/components/Button/index.js
FN:4,Button
FN:5,handleClick
FNF:2
FNH:2
FNDA:30,Button
FNDA:7,handleClick
DA:1,1
DA:2,1
DA:3,1
DA:4,1
DA:5,30
DA:6,7
DA:7,7
DA:8,30
DA:9,30
DA:10,30
DA:11,30
DA:12,30
DA:13,30
DA:14,30
DA:15,0
DA:16,0
DA:17,0
DA:18,1
DA:19,1
LF:19
LH:16
BRDA:4,0,0,30
BRDA:14,1,0,0
BRDA:5,2,0,7
BRF:3
BRH:2
end_of_record
TN:
SF:src/components/Button/styles.js
FNF:0
FNH:0
DA:1,1
DA:2,1
DA:3,1
DA:4,1
DA:5,1
DA:6,1
DA:7,1
DA:8,1
DA:9,1
DA:10,1
DA:11,1
DA:12,1
DA:13,1
DA:14,1
DA:15,1
DA:16,1
LF:16
LH:16
BRF:0
BRH:0
end_of_record
TN:
SF:src/components/Header/index.js
FN:4,Header
FNF:1
FNH:1
FNDA:15,Header
DA:1,1
DA:2,1
DA:3,1
DA:4,1
DA:5,15
DA:6,15
DA:7,15
DA:8,15
DA:9,15
DA:10,15
DA:11,15
DA:12,15
DA:13,15
DA:14,15
DA:15,15
DA:16,1
DA:17,1
LF:17
LH:17
BRDA:4,0,0,15
BRF:1
BRH:1
end_of_record
TN:
SF:src/components/Header/styles.js
FNF:0
FNH:0
DA:1,1
DA:2,1
DA:3,1
DA:4,1
DA:5,1
DA:6,1
DA:7,1
DA:8,1
DA:9,1
DA:10,1
DA:11,1
DA:12,1
DA:13,1
DA:14,1
LF:14
LH:14
BRF:0
BRH:0
end_of_record
TN:
SF:src/components/MessageBox/index.js
FN:6,MessageBox
FNF:1
FNH:1
FNDA:20,MessageBox
DA:1,1
DA:2,1
DA:3,1
DA:4,1
DA:5,1
DA:6,1
DA:7,20
DA:8,20
DA:9,20
DA:10,20
DA:11,20
DA:12,20
DA:13,20
DA:14,20
DA:15,20
DA:16,20
DA:17,20
DA:18,20
DA:19,20
DA:20,1
DA:21,1
LF:21
LH:21
BRDA:6,0,0,20
BRF:1
BRH:1
end_of_record
TN:
SF:src/components/MessageBox/styles.js
FNF:0
FNH:0
DA:1,1
DA:2,1
DA:3,1
DA:4,1
DA:5,1
DA:6,1
DA:7,1
DA:8,1
DA:9,1
DA:10,1
DA:11,1
DA:12,1
DA:13,1
DA:14,1
DA:15,1
DA:16,1
DA:17,1
DA:18,1
DA:19,1
DA:20,1
DA:21,1
DA:22,1
DA:23,1
DA:24,1
DA:25,1
DA:26,1
DA:27,1
DA:28,1
DA:29,1
DA:30,1
DA:31,1
DA:32,1
DA:33,1
DA:34,1
DA:35,1
DA:36,1
DA:37,1
LF:37
LH:37
BRF:0
BRH:0
end_of_record
TN:
SF:src/components/MessageTable/index.js
FN:6,MessageTable
FN:29,onClear
FNF:2
FNH:2
FNDA:15,MessageTable
FNDA:1,onClear
DA:1,1
DA:2,1
DA:3,1
DA:4,1
DA:5,1
DA:6,1
DA:7,15
DA:8,15
DA:9,15
DA:10,15
DA:11,15
DA:12,15
DA:13,15
DA:14,15
DA:15,15
DA:16,15
DA:17,15
DA:18,15
DA:19,45
DA:20,45
DA:21,45
DA:22,45
DA:23,45
DA:24,45
DA:25,45
DA:26,45
DA:27,45
DA:28,45
DA:29,45
DA:30,45
DA:31,45
DA:32,45
DA:33,45
DA:34,45
DA:35,45
DA:36,45
DA:37,0
DA:38,0
DA:39,0
DA:40,0
DA:41,0
DA:42,1
DA:43,1
LF:43
LH:38
BRDA:6,0,0,15
BRDA:11,1,0,0
BRDA:36,2,0,0
BRDA:18,3,0,45
BRDA:22,4,0,24
BRDA:24,5,0,24
BRDA:24,6,0,8
BRDA:29,7,0,1
BRF:8
BRH:6
end_of_record
TN:
SF:src/context/index.js
FN:9,AppContextProvider
FNF:1
FNH:1
FNDA:13,AppContextProvider
DA:1,1
DA:2,1
DA:3,1
DA:4,1
DA:5,1
DA:6,1
DA:7,1
DA:8,1
DA:9,1
DA:10,13
DA:11,13
DA:12,13
DA:13,13
DA:14,13
DA:15,13
DA:16,13
DA:17,13
DA:18,13
DA:19,13
DA:20,13
DA:21,0
DA:22,0
DA:23,1
DA:24,1
LF:24
LH:22
BRDA:9,0,0,13
BRDA:20,1,0,0
BRF:2
BRH:1
end_of_record
TN:
SF:src/context/reducers/Messages.js
FN:14,MessagesReducer
FNF:1
FNH:1
FNDA:15,MessagesReducer
DA:1,1
DA:2,1
DA:3,1
DA:4,1
DA:5,1
DA:6,1
DA:7,1
DA:8,1
DA:9,1
DA:10,1
DA:11,1
DA:12,1
DA:13,1
DA:14,1
DA:15,15
DA:16,15
DA:17,5
DA:18,5
DA:19,15
DA:20,15
DA:21,6
DA:22,15
DA:23,15
DA:24,3
DA:25,15
DA:26,15
DA:27,1
DA:28,15
DA:29,15
DA:30,15
DA:31,15
DA:32,15
DA:33,1
DA:34,1
LF:34
LH:34
BRDA:14,0,0,15
BRDA:16,1,0,5
BRDA:20,2,0,6
BRDA:23,3,0,3
BRDA:26,4,0,1
BRDA:29,5,0,0
BRDA:27,6,0,1
BRF:7
BRH:6
end_of_record
TN:
SF:src/context/types/Messages.js
FNF:0
FNH:0
DA:1,1
DA:2,1
DA:3,1
DA:4,1
LF:4
LH:4
BRF:0
BRH:0
end_of_record
TN:
SF:src/context/types/index.js
FNF:0
FNH:0
DA:1,1
DA:2,1
DA:3,1
DA:4,1
DA:5,1
LF:5
LH:5
BRF:0
BRH:0
end_of_record
TN:
SF:src/screens/MainView/index.js
FN:8,MainView
FN:18,messageCallback
FN:35,handleApiButton
FN:45,action
FNF:4
FNH:4
FNDA:15,MainView
FNDA:4,messageCallback
FNDA:4,handleApiButton
FNDA:3,action
DA:1,1
DA:2,1
DA:3,1
DA:4,1
DA:5,1
DA:6,1
DA:7,1
DA:8,1
DA:9,15
DA:10,15
DA:11,15
DA:12,15
DA:13,15
DA:14,15
DA:15,15
DA:16,15
DA:17,2
DA:18,2
DA:19,2
DA:20,15
DA:21,15
DA:22,15
DA:23,15
DA:24,15
DA:25,4
DA:26,2
DA:27,2
DA:28,4
DA:29,15
DA:30,15
DA:31,15
DA:32,15
DA:33,15
DA:34,15
DA:35,15
DA:36,4
DA:37,4
DA:38,4
DA:39,4
DA:40,15
DA:41,15
DA:42,15
DA:43,15
DA:44,15
DA:45,15
DA:46,15
DA:47,15
DA:48,15
DA:49,15
DA:50,15
DA:51,1
DA:52,1
LF:52
LH:52
BRDA:8,0,0,15
BRDA:33,1,0,13
BRDA:34,2,0,7
BRDA:34,3,0,8
BRDA:9,4,0,6
BRDA:16,5,0,2
BRDA:18,6,0,4
BRDA:24,7,0,4
BRDA:25,8,0,2
BRDA:35,9,0,4
BRDA:45,10,0,3
BRF:11
BRH:11
end_of_record
TN:
SF:src/screens/SnackbarManager/index.js
FN:7,SnackbarManager
FN:36,handleClose
FNF:2
FNH:2
FNDA:22,SnackbarManager
FNDA:1,handleClose
DA:1,1
DA:2,1
DA:3,1
DA:4,1
DA:5,1
DA:6,1
DA:7,1
DA:8,22
DA:9,22
DA:10,22
DA:11,22
DA:12,22
DA:13,22
DA:14,22
DA:15,22
DA:16,22
DA:17,7
DA:18,4
DA:19,4
DA:20,22
DA:21,22
DA:22,22
DA:23,6
DA:24,6
DA:25,4
DA:26,4
DA:27,4
DA:28,22
DA:29,22
DA:30,22
DA:31,2
DA:32,0
DA:33,0
DA:34,22
DA:35,22
DA:36,22
DA:37,1
DA:38,1
DA:39,1
DA:40,1
DA:41,22
DA:42,22
DA:43,22
DA:44,22
DA:45,22
DA:46,22
DA:47,22
DA:48,22
DA:49,22
DA:50,22
DA:51,22
DA:52,22
DA:53,22
DA:54,22
DA:55,22
DA:56,22
DA:57,22
DA:58,22
DA:59,22
DA:60,22
DA:61,22
DA:62,22
DA:63,1
DA:64,1
LF:64
LH:62
BRDA:7,0,0,22
BRDA:50,1,0,10
BRDA:16,2,0,7
BRDA:17,3,0,4
BRDA:22,4,0,6
BRDA:24,5,0,4
BRDA:30,6,0,2
BRDA:31,7,0,0
BRDA:36,8,0,1
BRF:9
BRH:8
end_of_record
TN:
SF:src/services/api.js
FN:5,MessageGenerator
FN:10,stop
FN:14,start
FN:19,isStarted
FN:26,generate
FNF:5
FNH:5
FNDA:2,MessageGenerator
FNDA:2,stop
FNDA:4,start
FNDA:13,isStarted
FNDA:4,generate
DA:1,1
DA:2,1
DA:3,1
DA:4,1
DA:5,1
DA:6,2
DA:7,2
DA:8,2
DA:9,1
DA:10,1
DA:11,2
DA:12,2
DA:13,1
DA:14,1
DA:15,4
DA:16,4
DA:17,4
DA:18,1
DA:19,1
DA:20,13
DA:21,13
DA:22,1
DA:23,1
DA:24,1
DA:25,1
DA:26,1
DA:27,4
DA:28,0
DA:29,0
DA:30,4
DA:31,4
DA:32,4
DA:33,4
DA:34,4
DA:35,4
DA:36,4
DA:37,4
DA:38,0
DA:39,4
DA:40,4
DA:41,1
LF:41
LH:38
BRDA:5,0,0,2
BRDA:10,1,0,2
BRDA:14,2,0,4
BRDA:19,3,0,13
BRDA:26,4,0,4
BRDA:27,5,0,0
BRF:6
BRH:5
end_of_record
